0 info it worked if it ends with ok
1 verbose cli [ 'C:\\Program Files (x86)\\nodejs\\node.exe',
1 verbose cli   'C:\\Program Files (x86)\\nodejs\\node_modules\\npm\\bin\\npm-cli.js',
1 verbose cli   'install',
1 verbose cli   '-g',
1 verbose cli   'ios-deploy' ]
2 info using npm@2.14.7
3 info using node@v4.2.2
4 verbose install initial load of C:\Users\Joseph\AppData\Roaming\npm\package.json
5 verbose readDependencies loading dependencies from C:\Users\Joseph\AppData\Roaming\npm\package.json
6 silly cache add args [ 'ios-deploy', null ]
7 verbose cache add spec ios-deploy
8 silly cache add parsed spec Result {
8 silly cache add   raw: 'ios-deploy',
8 silly cache add   scope: null,
8 silly cache add   name: 'ios-deploy',
8 silly cache add   rawSpec: '',
8 silly cache add   spec: '*',
8 silly cache add   type: 'range' }
9 silly addNamed ios-deploy@*
10 verbose addNamed "*" is a valid semver range for ios-deploy
11 silly addNameRange { name: 'ios-deploy', range: '*', hasData: false }
12 silly mapToRegistry name ios-deploy
13 silly mapToRegistry using default registry
14 silly mapToRegistry registry https://registry.npmjs.org/
15 silly mapToRegistry uri https://registry.npmjs.org/ios-deploy
16 verbose addNameRange registry:https://registry.npmjs.org/ios-deploy not in flight; fetching
17 verbose request uri https://registry.npmjs.org/ios-deploy
18 verbose request no auth needed
19 info attempt registry request try #1 at 10:21:24 AM
20 verbose request id 9d6a9d5ee6a15d05
21 verbose etag "5ALDUQ1GLDBEYMDJK8RUMV18V"
22 http request GET https://registry.npmjs.org/ios-deploy
23 http 304 https://registry.npmjs.org/ios-deploy
24 verbose headers { date: 'Fri, 12 Aug 2016 17:21:37 GMT',
24 verbose headers   via: '1.1 varnish',
24 verbose headers   'cache-control': 'max-age=300',
24 verbose headers   etag: '"5ALDUQ1GLDBEYMDJK8RUMV18V"',
24 verbose headers   age: '0',
24 verbose headers   connection: 'keep-alive',
24 verbose headers   'x-served-by': 'cache-sea1927-SEA',
24 verbose headers   'x-cache': 'MISS',
24 verbose headers   'x-cache-hits': '0',
24 verbose headers   'x-timer': 'S1471022497.726022,VS0,VE79',
24 verbose headers   vary: 'Accept-Encoding' }
25 silly get cb [ 304,
25 silly get   { date: 'Fri, 12 Aug 2016 17:21:37 GMT',
25 silly get     via: '1.1 varnish',
25 silly get     'cache-control': 'max-age=300',
25 silly get     etag: '"5ALDUQ1GLDBEYMDJK8RUMV18V"',
25 silly get     age: '0',
25 silly get     connection: 'keep-alive',
25 silly get     'x-served-by': 'cache-sea1927-SEA',
25 silly get     'x-cache': 'MISS',
25 silly get     'x-cache-hits': '0',
25 silly get     'x-timer': 'S1471022497.726022,VS0,VE79',
25 silly get     vary: 'Accept-Encoding' } ]
26 verbose etag https://registry.npmjs.org/ios-deploy from cache
27 verbose get saving ios-deploy to C:\Users\Joseph\AppData\Roaming\npm-cache\registry.npmjs.org\ios-deploy\.cache.json
28 silly addNameRange number 2 { name: 'ios-deploy', range: '*', hasData: true }
29 silly addNameRange versions [ 'ios-deploy',
29 silly addNameRange   [ '1.0.1',
29 silly addNameRange     '1.0.2',
29 silly addNameRange     '1.0.3',
29 silly addNameRange     '1.0.4',
29 silly addNameRange     '1.0.5',
29 silly addNameRange     '1.0.6',
29 silly addNameRange     '1.0.7',
29 silly addNameRange     '1.0.8',
29 silly addNameRange     '1.0.9',
29 silly addNameRange     '1.1.0',
29 silly addNameRange     '1.2.0',
29 silly addNameRange     '1.3.0',
29 silly addNameRange     '1.3.1',
29 silly addNameRange     '1.3.2',
29 silly addNameRange     '1.4.0',
29 silly addNameRange     '1.5.0',
29 silly addNameRange     '1.6.0',
29 silly addNameRange     '1.6.1',
29 silly addNameRange     '1.6.2',
29 silly addNameRange     '1.6.3',
29 silly addNameRange     '1.7.0',
29 silly addNameRange     '1.8.0',
29 silly addNameRange     '1.8.1',
29 silly addNameRange     '1.8.2',
29 silly addNameRange     '1.8.3',
29 silly addNameRange     '1.8.4',
29 silly addNameRange     '1.8.5',
29 silly addNameRange     '1.8.6' ] ]
30 silly addNamed ios-deploy@1.8.6
31 verbose addNamed "1.8.6" is a plain semver version for ios-deploy
32 silly cache afterAdd ios-deploy@1.8.6
33 verbose afterAdd C:\Users\Joseph\AppData\Roaming\npm-cache\ios-deploy\1.8.6\package\package.json not in flight; writing
34 verbose afterAdd C:\Users\Joseph\AppData\Roaming\npm-cache\ios-deploy\1.8.6\package\package.json written
35 silly install resolved [ { name: 'ios-deploy',
35 silly install resolved     version: '1.8.6',
35 silly install resolved     os: [ 'darwin' ],
35 silly install resolved     description: 'launch iOS apps iOS devices from the command line (Xcode 7)',
35 silly install resolved     main: 'ios-deploy',
35 silly install resolved     scripts:
35 silly install resolved      { preinstall: './src/scripts/check_reqs.js && xcodebuild',
35 silly install resolved        test: 'npm run pycompile && npm run jshint && xcodebuild -target ios-deploy-lib && xcodebuild test -scheme ios-deploy-tests',
35 silly install resolved        jshint: 'node node_modules/jshint/bin/jshint src/scripts/*.js',
35 silly install resolved        pycompile: 'python -m py_compile src/scripts/*.py' },
35 silly install resolved     bin: { 'ios-deploy': './build/Release/ios-deploy' },
35 silly install resolved     repository:
35 silly install resolved      { type: 'git',
35 silly install resolved        url: 'git+https://github.com/phonegap/ios-deploy.git' },
35 silly install resolved     devDependencies: { jshint: '2.5.8' },
35 silly install resolved     keywords: [ 'ios-deploy', 'deploy to iOS device' ],
35 silly install resolved     bugs: { url: 'https://github.com/phonegap/ios-deploy/issues' },
35 silly install resolved     author: { name: 'Greg Hughes' },
35 silly install resolved     license: 'GPLv3',
35 silly install resolved     gitHead: 'd7cccae1ade60378ce1134f496b68eeac53eb860',
35 silly install resolved     homepage: 'https://github.com/phonegap/ios-deploy#readme',
35 silly install resolved     _id: 'ios-deploy@1.8.6',
35 silly install resolved     _shasum: 'abb0b5132e7e6c89d1f521ba7c81c44eec54d4f5',
35 silly install resolved     _from: 'ios-deploy@*',
35 silly install resolved     _npmVersion: '2.14.7',
35 silly install resolved     _nodeVersion: '4.2.2',
35 silly install resolved     _npmUser: { name: 'shazron', email: 'shazron@gmail.com' },
35 silly install resolved     maintainers: [ [Object], [Object], [Object] ],
35 silly install resolved     dist:
35 silly install resolved      { shasum: 'abb0b5132e7e6c89d1f521ba7c81c44eec54d4f5',
35 silly install resolved        tarball: 'https://registry.npmjs.org/ios-deploy/-/ios-deploy-1.8.6.tgz' },
35 silly install resolved     _npmOperationalInternal:
35 silly install resolved      { host: 'packages-16-east.internal.npmjs.com',
35 silly install resolved        tmp: 'tmp/ios-deploy-1.8.6.tgz_1460409336359_0.34613347332924604' },
35 silly install resolved     directories: {},
35 silly install resolved     _resolved: 'https://registry.npmjs.org/ios-deploy/-/ios-deploy-1.8.6.tgz',
35 silly install resolved     readme: 'ERROR: No README data found!' } ]
36 info install ios-deploy@1.8.6 into C:\Users\Joseph\AppData\Roaming\npm
37 info installOne ios-deploy@1.8.6
38 verbose installOne of ios-deploy to C:\Users\Joseph\AppData\Roaming\npm not in flight; installing
39 verbose lock using C:\Users\Joseph\AppData\Roaming\npm-cache\_locks\ios-deploy-d72576dabb0a505c.lock for C:\Users\Joseph\AppData\Roaming\npm\node_modules\ios-deploy
40 verbose unlock done using C:\Users\Joseph\AppData\Roaming\npm-cache\_locks\ios-deploy-d72576dabb0a505c.lock for C:\Users\Joseph\AppData\Roaming\npm\node_modules\ios-deploy
41 verbose stack Error: Unsupported
41 verbose stack     at checkPlatform (C:\Program Files (x86)\nodejs\node_modules\npm\node_modules\npm-install-checks\index.js:47:14)
41 verbose stack     at Array.<anonymous> (C:\Program Files (x86)\nodejs\node_modules\npm\node_modules\slide\lib\bind-actor.js:15:8)
41 verbose stack     at LOOP (C:\Program Files (x86)\nodejs\node_modules\npm\node_modules\slide\lib\chain.js:15:14)
41 verbose stack     at C:\Program Files (x86)\nodejs\node_modules\npm\node_modules\slide\lib\chain.js:18:7
41 verbose stack     at checkEngine (C:\Program Files (x86)\nodejs\node_modules\npm\node_modules\npm-install-checks\index.js:11:20)
41 verbose stack     at Array.<anonymous> (C:\Program Files (x86)\nodejs\node_modules\npm\node_modules\slide\lib\bind-actor.js:15:8)
41 verbose stack     at LOOP (C:\Program Files (x86)\nodejs\node_modules\npm\node_modules\slide\lib\chain.js:15:14)
41 verbose stack     at chain (C:\Program Files (x86)\nodejs\node_modules\npm\node_modules\slide\lib\chain.js:20:5)
41 verbose stack     at C:\Program Files (x86)\nodejs\node_modules\npm\lib\install.js:1038:5
41 verbose stack     at C:\Program Files (x86)\nodejs\node_modules\npm\lib\utils\locker.js:39:7
42 verbose pkgid ios-deploy@1.8.6
43 verbose cwd C:\Users\Joseph\documents\javascript projects\ionicapps\chapter5\example16
44 error Windows_NT 10.0.10586
45 error argv "C:\\Program Files (x86)\\nodejs\\node.exe" "C:\\Program Files (x86)\\nodejs\\node_modules\\npm\\bin\\npm-cli.js" "install" "-g" "ios-deploy"
46 error node v4.2.2
47 error npm  v2.14.7
48 error code EBADPLATFORM
49 error notsup Unsupported
49 error notsup Not compatible with your operating system or architecture: ios-deploy@1.8.6
49 error notsup Valid OS:    darwin
49 error notsup Valid Arch:  any
49 error notsup Actual OS:   win32
49 error notsup Actual Arch: ia32
50 verbose exit [ 1, true ]
